CRITICAL - 2023-07-06 13:16:35 --> Undefined constant "CodeIgniter\Database\MySQLi\MYSQLI_STORE_RESULT"
in SYSTEMPATH\Database\Database.php on line 137.
 1 SYSTEMPATH\Database\Database.php(55): CodeIgniter\Database\Database->initDriver()
 2 SYSTEMPATH\Database\Config.php(82): CodeIgniter\Database\Database->load()
 3 SYSTEMPATH\Model.php(155): CodeIgniter\Database\Config::connect()
 4 APPPATH\Controllers\TaskController.php(12): CodeIgniter\Model->__construct()
 5 SYSTEMPATH\CodeIgniter.php(932): App\Controllers\TaskController->index()
 6 SYSTEMPATH\CodeIgniter.php(497): CodeIgniter\CodeIgniter->runController()
 7 SYSTEMPATH\CodeIgniter.php(366): CodeIgniter\CodeIgniter->handleRequest()
 8 FCPATH\index.php(67): CodeIgniter\CodeIgniter->run()
 9 SYSTEMPATH\Commands\Server\rewrite.php(47): require_once('C:\\xampp\\htdocs\\task_app\\public\\index.php')
CRITICAL - 2023-07-06 13:57:22 --> Undefined constant "CodeIgniter\Database\MySQLi\MYSQLI_STORE_RESULT"
in SYSTEMPATH\Database\Database.php on line 137.
 1 SYSTEMPATH\Database\Database.php(55): CodeIgniter\Database\Database->initDriver()
 2 SYSTEMPATH\Database\Config.php(82): CodeIgniter\Database\Database->load()
 3 SYSTEMPATH\Model.php(155): CodeIgniter\Database\Config::connect()
 4 APPPATH\Controllers\TaskController.php(12): CodeIgniter\Model->__construct()
 5 SYSTEMPATH\CodeIgniter.php(932): App\Controllers\TaskController->index()
 6 SYSTEMPATH\CodeIgniter.php(497): CodeIgniter\CodeIgniter->runController()
 7 SYSTEMPATH\CodeIgniter.php(366): CodeIgniter\CodeIgniter->handleRequest()
 8 FCPATH\index.php(67): CodeIgniter\CodeIgniter->run()
 9 SYSTEMPATH\Commands\Server\rewrite.php(47): require_once('C:\\Users\\ASUS\\Pictures\\task_app\\public\\index.php')
CRITICAL - 2023-07-06 14:02:15 --> Undefined constant "CodeIgniter\Database\MySQLi\MYSQLI_STORE_RESULT"
in SYSTEMPATH\Database\Database.php on line 137.
 1 SYSTEMPATH\Database\Database.php(55): CodeIgniter\Database\Database->initDriver()
 2 SYSTEMPATH\Database\Config.php(82): CodeIgniter\Database\Database->load()
 3 SYSTEMPATH\Model.php(155): CodeIgniter\Database\Config::connect()
 4 APPPATH\Controllers\TaskController.php(12): CodeIgniter\Model->__construct()
 5 SYSTEMPATH\CodeIgniter.php(932): App\Controllers\TaskController->index()
 6 SYSTEMPATH\CodeIgniter.php(497): CodeIgniter\CodeIgniter->runController()
 7 SYSTEMPATH\CodeIgniter.php(366): CodeIgniter\CodeIgniter->handleRequest()
 8 FCPATH\index.php(67): CodeIgniter\CodeIgniter->run()
 9 SYSTEMPATH\Commands\Server\rewrite.php(47): require_once('C:\\Users\\ASUS\\Pictures\\task_app\\public\\index.php')
CRITICAL - 2023-07-06 14:05:27 --> Undefined constant "CodeIgniter\Database\MySQLi\MYSQLI_STORE_RESULT"
in SYSTEMPATH\Database\Database.php on line 137.
 1 SYSTEMPATH\Database\Database.php(55): CodeIgniter\Database\Database->initDriver()
 2 SYSTEMPATH\Database\Config.php(82): CodeIgniter\Database\Database->load()
 3 SYSTEMPATH\Model.php(155): CodeIgniter\Database\Config::connect()
 4 APPPATH\Controllers\TaskController.php(12): CodeIgniter\Model->__construct()
 5 SYSTEMPATH\CodeIgniter.php(932): App\Controllers\TaskController->index()
 6 SYSTEMPATH\CodeIgniter.php(497): CodeIgniter\CodeIgniter->runController()
 7 SYSTEMPATH\CodeIgniter.php(366): CodeIgniter\CodeIgniter->handleRequest()
 8 FCPATH\index.php(67): CodeIgniter\CodeIgniter->run()
 9 SYSTEMPATH\Commands\Server\rewrite.php(47): require_once('C:\\Users\\ASUS\\Pictures\\task_app\\public\\index.php')
CRITICAL - 2023-07-06 14:07:13 --> Undefined constant "CodeIgniter\Database\MySQLi\MYSQLI_STORE_RESULT"
in SYSTEMPATH\Database\Database.php on line 137.
 1 SYSTEMPATH\Database\Database.php(55): CodeIgniter\Database\Database->initDriver()
 2 SYSTEMPATH\Database\Config.php(82): CodeIgniter\Database\Database->load()
 3 SYSTEMPATH\Model.php(155): CodeIgniter\Database\Config::connect()
 4 APPPATH\Controllers\TaskController.php(12): CodeIgniter\Model->__construct()
 5 SYSTEMPATH\CodeIgniter.php(932): App\Controllers\TaskController->index()
 6 SYSTEMPATH\CodeIgniter.php(497): CodeIgniter\CodeIgniter->runController()
 7 SYSTEMPATH\CodeIgniter.php(366): CodeIgniter\CodeIgniter->handleRequest()
 8 FCPATH\index.php(67): CodeIgniter\CodeIgniter->run()
 9 SYSTEMPATH\Commands\Server\rewrite.php(47): require_once('C:\\Users\\ASUS\\Pictures\\task_app\\public\\index.php')
CRITICAL - 2023-07-06 14:09:40 --> Undefined constant "CodeIgniter\Database\MySQLi\MYSQLI_STORE_RESULT"
in SYSTEMPATH\Database\Database.php on line 137.
 1 SYSTEMPATH\Database\Database.php(55): CodeIgniter\Database\Database->initDriver()
 2 SYSTEMPATH\Database\Config.php(82): CodeIgniter\Database\Database->load()
 3 SYSTEMPATH\Model.php(155): CodeIgniter\Database\Config::connect()
 4 APPPATH\Controllers\TaskController.php(12): CodeIgniter\Model->__construct()
 5 SYSTEMPATH\CodeIgniter.php(932): App\Controllers\TaskController->index()
 6 SYSTEMPATH\CodeIgniter.php(497): CodeIgniter\CodeIgniter->runController()
 7 SYSTEMPATH\CodeIgniter.php(366): CodeIgniter\CodeIgniter->handleRequest()
 8 FCPATH\index.php(67): CodeIgniter\CodeIgniter->run()
 9 SYSTEMPATH\Commands\Server\rewrite.php(47): require_once('C:\\Users\\ASUS\\Pictures\\task_app\\public\\index.php')
CRITICAL - 2023-07-06 14:09:48 --> Undefined constant "CodeIgniter\Database\MySQLi\MYSQLI_STORE_RESULT"
in SYSTEMPATH\Database\Database.php on line 137.
 1 SYSTEMPATH\Database\Database.php(55): CodeIgniter\Database\Database->initDriver()
 2 SYSTEMPATH\Database\Config.php(82): CodeIgniter\Database\Database->load()
 3 SYSTEMPATH\Model.php(155): CodeIgniter\Database\Config::connect()
 4 APPPATH\Controllers\TaskController.php(12): CodeIgniter\Model->__construct()
 5 SYSTEMPATH\CodeIgniter.php(932): App\Controllers\TaskController->index()
 6 SYSTEMPATH\CodeIgniter.php(497): CodeIgniter\CodeIgniter->runController()
 7 SYSTEMPATH\CodeIgniter.php(366): CodeIgniter\CodeIgniter->handleRequest()
 8 FCPATH\index.php(67): CodeIgniter\CodeIgniter->run()
 9 SYSTEMPATH\Commands\Server\rewrite.php(47): require_once('C:\\Users\\ASUS\\Pictures\\task_app\\public\\index.php')
CRITICAL - 2023-07-06 14:09:58 --> Undefined constant "CodeIgniter\Database\MySQLi\MYSQLI_STORE_RESULT"
in SYSTEMPATH\Database\Database.php on line 137.
 1 SYSTEMPATH\Database\Database.php(55): CodeIgniter\Database\Database->initDriver()
 2 SYSTEMPATH\Database\Config.php(82): CodeIgniter\Database\Database->load()
 3 SYSTEMPATH\Model.php(155): CodeIgniter\Database\Config::connect()
 4 APPPATH\Controllers\TaskController.php(12): CodeIgniter\Model->__construct()
 5 SYSTEMPATH\CodeIgniter.php(932): App\Controllers\TaskController->index()
 6 SYSTEMPATH\CodeIgniter.php(497): CodeIgniter\CodeIgniter->runController()
 7 SYSTEMPATH\CodeIgniter.php(366): CodeIgniter\CodeIgniter->handleRequest()
 8 FCPATH\index.php(67): CodeIgniter\CodeIgniter->run()
 9 SYSTEMPATH\Commands\Server\rewrite.php(47): require_once('C:\\Users\\ASUS\\Pictures\\task_app\\public\\index.php')
CRITICAL - 2023-07-06 14:11:08 --> Undefined constant "CodeIgniter\Database\MySQLi\MYSQLI_STORE_RESULT"
in SYSTEMPATH\Database\Database.php on line 137.
 1 SYSTEMPATH\Database\Database.php(55): CodeIgniter\Database\Database->initDriver()
 2 SYSTEMPATH\Database\Config.php(82): CodeIgniter\Database\Database->load()
 3 SYSTEMPATH\Model.php(155): CodeIgniter\Database\Config::connect()
 4 APPPATH\Controllers\TaskController.php(12): CodeIgniter\Model->__construct()
 5 SYSTEMPATH\CodeIgniter.php(932): App\Controllers\TaskController->index()
 6 SYSTEMPATH\CodeIgniter.php(497): CodeIgniter\CodeIgniter->runController()
 7 SYSTEMPATH\CodeIgniter.php(366): CodeIgniter\CodeIgniter->handleRequest()
 8 FCPATH\index.php(67): CodeIgniter\CodeIgniter->run()
 9 SYSTEMPATH\Commands\Server\rewrite.php(47): require_once('C:\\Users\\ASUS\\Pictures\\task_app\\public\\index.php')
CRITICAL - 2023-07-06 14:11:09 --> Undefined constant "CodeIgniter\Database\MySQLi\MYSQLI_STORE_RESULT"
in SYSTEMPATH\Database\Database.php on line 137.
 1 SYSTEMPATH\Database\Database.php(55): CodeIgniter\Database\Database->initDriver()
 2 SYSTEMPATH\Database\Config.php(82): CodeIgniter\Database\Database->load()
 3 SYSTEMPATH\Model.php(155): CodeIgniter\Database\Config::connect()
 4 APPPATH\Controllers\TaskController.php(12): CodeIgniter\Model->__construct()
 5 SYSTEMPATH\CodeIgniter.php(932): App\Controllers\TaskController->index()
 6 SYSTEMPATH\CodeIgniter.php(497): CodeIgniter\CodeIgniter->runController()
 7 SYSTEMPATH\CodeIgniter.php(366): CodeIgniter\CodeIgniter->handleRequest()
 8 FCPATH\index.php(67): CodeIgniter\CodeIgniter->run()
 9 SYSTEMPATH\Commands\Server\rewrite.php(47): require_once('C:\\Users\\ASUS\\Pictures\\task_app\\public\\index.php')
CRITICAL - 2023-07-06 14:15:56 --> Undefined constant "CodeIgniter\Database\MySQLi\MYSQLI_STORE_RESULT"
in SYSTEMPATH\Database\Database.php on line 137.
 1 SYSTEMPATH\Database\Database.php(55): CodeIgniter\Database\Database->initDriver()
 2 SYSTEMPATH\Database\Config.php(82): CodeIgniter\Database\Database->load()
 3 SYSTEMPATH\Model.php(155): CodeIgniter\Database\Config::connect()
 4 APPPATH\Controllers\TaskController.php(12): CodeIgniter\Model->__construct()
 5 SYSTEMPATH\CodeIgniter.php(932): App\Controllers\TaskController->index()
 6 SYSTEMPATH\CodeIgniter.php(497): CodeIgniter\CodeIgniter->runController()
 7 SYSTEMPATH\CodeIgniter.php(366): CodeIgniter\CodeIgniter->handleRequest()
 8 FCPATH\index.php(67): CodeIgniter\CodeIgniter->run()
 9 SYSTEMPATH\Commands\Server\rewrite.php(47): require_once('C:\\Users\\ASUS\\Pictures\\task_app\\public\\index.php')
CRITICAL - 2023-07-06 14:22:01 --> Undefined constant "CodeIgniter\Database\MySQLi\MYSQLI_STORE_RESULT"
in SYSTEMPATH\Database\Database.php on line 137.
 1 SYSTEMPATH\Database\Database.php(55): CodeIgniter\Database\Database->initDriver()
 2 SYSTEMPATH\Database\Config.php(82): CodeIgniter\Database\Database->load()
 3 SYSTEMPATH\Model.php(155): CodeIgniter\Database\Config::connect()
 4 APPPATH\Controllers\TaskController.php(12): CodeIgniter\Model->__construct()
 5 SYSTEMPATH\CodeIgniter.php(932): App\Controllers\TaskController->index()
 6 SYSTEMPATH\CodeIgniter.php(497): CodeIgniter\CodeIgniter->runController()
 7 SYSTEMPATH\CodeIgniter.php(366): CodeIgniter\CodeIgniter->handleRequest()
 8 FCPATH\index.php(67): CodeIgniter\CodeIgniter->run()
 9 SYSTEMPATH\Commands\Server\rewrite.php(47): require_once('C:\\Users\\ASUS\\Pictures\\task_app\\public\\index.php')
CRITICAL - 2023-07-06 14:23:31 --> Undefined constant "CodeIgniter\Database\MySQLi\MYSQLI_STORE_RESULT"
in SYSTEMPATH\Database\Database.php on line 137.
 1 SYSTEMPATH\Database\Database.php(55): CodeIgniter\Database\Database->initDriver()
 2 SYSTEMPATH\Database\Config.php(82): CodeIgniter\Database\Database->load()
 3 SYSTEMPATH\Model.php(155): CodeIgniter\Database\Config::connect()
 4 APPPATH\Controllers\TaskController.php(12): CodeIgniter\Model->__construct()
 5 SYSTEMPATH\CodeIgniter.php(932): App\Controllers\TaskController->index()
 6 SYSTEMPATH\CodeIgniter.php(497): CodeIgniter\CodeIgniter->runController()
 7 SYSTEMPATH\CodeIgniter.php(366): CodeIgniter\CodeIgniter->handleRequest()
 8 FCPATH\index.php(67): CodeIgniter\CodeIgniter->run()
 9 SYSTEMPATH\Commands\Server\rewrite.php(47): require_once('C:\\Users\\ASUS\\Pictures\\task_app\\public\\index.php')
CRITICAL - 2023-07-06 14:35:57 --> There is no data to insert.
in SYSTEMPATH\BaseModel.php on line 1680.
 1 SYSTEMPATH\BaseModel.php(1680): CodeIgniter\Database\Exceptions\DataException::forEmptyDataset()
 2 SYSTEMPATH\BaseModel.php(742): CodeIgniter\BaseModel->transformDataToArray()
 3 SYSTEMPATH\Model.php(730): CodeIgniter\BaseModel->insert()
 4 APPPATH\Controllers\TaskController.php(30): CodeIgniter\Model->insert()
 5 SYSTEMPATH\CodeIgniter.php(932): App\Controllers\TaskController->store()
 6 SYSTEMPATH\CodeIgniter.php(497): CodeIgniter\CodeIgniter->runController()
 7 SYSTEMPATH\CodeIgniter.php(366): CodeIgniter\CodeIgniter->handleRequest()
 8 FCPATH\index.php(67): CodeIgniter\CodeIgniter->run()
 9 SYSTEMPATH\Commands\Server\rewrite.php(47): require_once('C:\\Users\\ASUS\\Pictures\\task_app\\public\\index.php')
